Temp/gradleOut/unityLibrary/build/intermediates/manifest_merge_blame_file/release/manifest-merger-blame-release-report.txt
1<?xml version="1.0" encoding="utf-8"?>
2<!-- GENERATED BY UNITY. REMOVE THIS COMMENT TO PREVENT OVERWRITING WHEN EXPORTING AGAIN -->
3<manifest xmlns:android="http://schemas.android.com/apk/res/android"
4    xmlns:tools="http://schemas.android.com/tools"
5    package="com.unity3d.player"
6    android:versionCode="1"
7    android:versionName="0.1" >
8
9    <uses-sdk
10        android:minSdkVersion="19"
10-->src/main/AndroidManifest.xml
11        android:targetSdkVersion="29" />
11-->src/main/AndroidManifest.xml
12
13    <uses-feature android:glEsVersion="0x00020000" />
13-->src/main/AndroidManifest.xml:18:3-52
13-->src/main/AndroidManifest.xml:18:17-49
14
15    <uses-permission android:name="android.permission.INTERNET" />
15-->src/main/AndroidManifest.xml:19:3-65
15-->src/main/AndroidManifest.xml:19:20-62
16
17    <uses-feature
17-->src/main/AndroidManifest.xml:20:3-97
18        android:name="android.hardware.sensor.accelerometer"
18-->src/main/AndroidManifest.xml:20:17-69
19        android:required="false" />
19-->src/main/AndroidManifest.xml:20:70-94
20    <uses-feature
20-->src/main/AndroidManifest.xml:21:3-88
21        android:name="android.hardware.touchscreen"
21-->src/main/AndroidManifest.xml:21:17-60
22        android:required="false" />
22-->src/main/AndroidManifest.xml:21:61-85
23    <uses-feature
23-->src/main/AndroidManifest.xml:22:3-99
24        android:name="android.hardware.touchscreen.multitouch"
24-->src/main/AndroidManifest.xml:22:17-71
25        android:required="false" />
25-->src/main/AndroidManifest.xml:22:72-96
26    <uses-feature
26-->src/main/AndroidManifest.xml:23:3-108
27        android:name="android.hardware.touchscreen.multitouch.distinct"
27-->src/main/AndroidManifest.xml:23:17-80
28        android:required="false" />
28-->src/main/AndroidManifest.xml:23:81-105
29
30    <application android:isGame="true" >
30-->src/main/AndroidManifest.xml:4:3-17:17
30-->src/main/AndroidManifest.xml:4:16-37
31        <activity
31-->src/main/AndroidManifest.xml:5:5-12:16
32            android:name="com.unity3d.player.UnityPlayerActivity"
32-->src/main/AndroidManifest.xml:5:15-68
33            android:configChanges="mcc|mnc|locale|touchscreen|keyboard|keyboardHidden|navigation|orientation|screenLayout|uiMode|screenSize|smallestScreenSize|fontScale|layoutDirection|density"
33-->src/main/AndroidManifest.xml:5:188-369
34            android:hardwareAccelerated="false"
34-->src/main/AndroidManifest.xml:5:405-440
35            android:launchMode="singleTask"
35-->src/main/AndroidManifest.xml:5:156-187
36            android:resizeableActivity="false"
36-->src/main/AndroidManifest.xml:5:370-404
37            android:screenOrientation="reverseLandscape"
37-->src/main/AndroidManifest.xml:5:111-155
38            android:theme="@style/UnityThemeSelector" >
38-->src/main/AndroidManifest.xml:5:69-110
39            <intent-filter>
39-->src/main/AndroidManifest.xml:6:7-10:23
40                <action android:name="android.intent.action.MAIN" />
40-->src/main/AndroidManifest.xml:7:9-61
40-->src/main/AndroidManifest.xml:7:17-58
41
42                <category android:name="android.intent.category.LAUNCHER" />
42-->src/main/AndroidManifest.xml:8:9-69
42-->src/main/AndroidManifest.xml:8:19-66
43                <category android:name="android.intent.category.LEANBACK_LAUNCHER" />
43-->src/main/AndroidManifest.xml:9:9-78
43-->src/main/AndroidManifest.xml:9:19-75
44            </intent-filter>
45
46            <meta-data
46-->src/main/AndroidManifest.xml:11:7-82
47                android:name="unityplayer.UnityActivity"
47-->src/main/AndroidManifest.xml:11:18-58
48                android:value="true" />
48-->src/main/AndroidManifest.xml:11:59-79
49        </activity>
50
51        <meta-data
51-->src/main/AndroidManifest.xml:13:5-69
52            android:name="unity.splash-mode"
52-->src/main/AndroidManifest.xml:13:16-48
53            android:value="0" />
53-->src/main/AndroidManifest.xml:13:49-66
54        <meta-data
54-->src/main/AndroidManifest.xml:14:5-74
55            android:name="unity.splash-enable"
55-->src/main/AndroidManifest.xml:14:16-50
56            android:value="True" />
56-->src/main/AndroidManifest.xml:14:51-71
57        <meta-data
57-->src/main/AndroidManifest.xml:15:5-84
58            android:name="unity.allow-resizable-window"
58-->src/main/AndroidManifest.xml:15:16-59
59            android:value="False" />
59-->src/main/AndroidManifest.xml:15:60-81
60        <meta-data
60-->src/main/AndroidManifest.xml:16:5-101
61            android:name="unity.build-id"
61-->src/main/AndroidManifest.xml:16:16-45
62            android:value="f46924ae-5360-4208-8296-fd13c8d83fbf" />
62-->src/main/AndroidManifest.xml:16:46-98
63    </application>
64
65</manifest>